[2023-09-20 12:53:28,390] ---------------------- Passed -----------------------
[2023-09-20 12:53:28,856] ---------------------- Passed -----------------------
[2023-09-20 12:53:31,452] ---------------------- Passed -----------------------
[2023-09-20 12:53:31,494] ---------------------- Passed -----------------------
[2023-09-20 12:53:31,555] ---------------------- Passed -----------------------
[2023-09-20 12:53:31,619] ---------------------- Passed -----------------------
[2023-09-20 12:53:31,681] ---------------------- Passed -----------------------
[2023-09-20 12:53:31,745] ---------------------- Passed -----------------------
[2023-09-20 12:53:31,808] ---------------------- Passed -----------------------
[2023-09-20 12:53:31,877] ---------------------- Passed -----------------------
[2023-09-20 12:53:31,944] ---------------------- Passed -----------------------
[2023-09-20 12:53:32,396] ---------------------- Passed -----------------------
[2023-09-20 12:53:35,159] ---------------------- Passed -----------------------
[2023-09-20 12:53:35,205] ---------------------- Passed -----------------------
[2023-09-20 12:53:35,267] ---------------------- Passed -----------------------
[2023-09-20 12:53:35,267] ---------------------- Passed -----------------------
[2023-09-20 12:53:35,281] ---------------------- Passed -----------------------
[2023-09-20 12:53:35,753] ---------------------- Passed -----------------------
[2023-09-20 12:53:36,432] ---------------------- Passed -----------------------
[2023-09-20 12:53:40,317] ---------------------- Passed -----------------------
[2023-09-20 12:58:08,722] ---------------------- Passed -----------------------
[2023-09-20 12:58:09,171] ---------------------- Passed -----------------------
[2023-09-20 12:58:11,155] ---------------------- Passed -----------------------
[2023-09-20 12:58:11,197] ---------------------- Passed -----------------------
[2023-09-20 12:58:11,259] ---------------------- Passed -----------------------
[2023-09-20 12:58:11,354] ---------------------- Passed -----------------------
[2023-09-20 12:58:11,416] ---------------------- Passed -----------------------
[2023-09-20 12:58:11,513] ---------------------- Passed -----------------------
[2023-09-20 12:58:11,575] ---------------------- Passed -----------------------
[2023-09-20 12:58:11,633] ---------------------- Passed -----------------------
[2023-09-20 12:58:11,695] ---------------------- Passed -----------------------
[2023-09-20 12:58:12,136] ---------------------- Passed -----------------------
[2023-09-20 12:58:14,622] ---------------------- Passed -----------------------
[2023-09-20 12:58:14,666] ---------------------- Passed -----------------------
[2023-09-20 12:58:14,730] ---------------------- Passed -----------------------
[2023-09-20 12:58:14,730] ---------------------- Passed -----------------------
[2023-09-20 12:58:14,744] ---------------------- Passed -----------------------
[2023-09-20 12:58:15,167] ---------------------- Failed -----------------------
[2023-09-20 12:58:15,857] ---------------------- Passed -----------------------
[2023-09-20 12:58:19,730] ---------------------- Passed -----------------------
[2023-09-21 00:19:15,518] ---------------------- Passed -----------------------
[2023-09-21 00:19:15,967] ---------------------- Passed -----------------------
[2023-09-21 00:19:18,063] ---------------------- Passed -----------------------
[2023-09-21 00:19:18,121] ---------------------- Passed -----------------------
[2023-09-21 00:19:18,193] ---------------------- Passed -----------------------
[2023-09-21 00:19:18,261] ---------------------- Passed -----------------------
[2023-09-21 00:19:18,323] ---------------------- Passed -----------------------
[2023-09-21 00:19:18,389] ---------------------- Passed -----------------------
[2023-09-21 00:19:18,450] ---------------------- Passed -----------------------
[2023-09-21 00:19:18,508] ---------------------- Passed -----------------------
[2023-09-21 00:19:18,580] ---------------------- Passed -----------------------
[2023-09-21 00:19:19,039] ---------------------- Passed -----------------------
[2023-09-21 00:19:20,917] ---------------------- Passed -----------------------
[2023-09-21 00:19:20,963] ---------------------- Passed -----------------------
[2023-09-21 00:19:21,023] ---------------------- Passed -----------------------
[2023-09-21 00:19:21,023] ---------------------- Passed -----------------------
[2023-09-21 00:19:21,037] ---------------------- Passed -----------------------
[2023-09-21 00:19:21,493] ---------------------- Passed -----------------------
[2023-09-21 00:19:22,174] ---------------------- Passed -----------------------
[2023-09-21 00:19:26,075] ---------------------- Passed -----------------------
[2023-09-21 00:23:26,861] Register_01 - Step01: Click to Register link
[2023-09-21 00:23:27,879] Register_01 - Step02: Click to Register button
[2023-09-21 00:23:28,125] Register_01 - Step03: Verify error message
[2023-09-21 00:23:28,183] ---------------------- Passed -----------------------
[2023-09-21 00:23:28,234] ---------------------- Passed -----------------------
[2023-09-21 00:23:28,280] ---------------------- Passed -----------------------
[2023-09-21 00:23:28,325] ---------------------- Passed -----------------------
[2023-09-21 00:23:28,372] ---------------------- Passed -----------------------
[2023-09-21 00:23:28,375] Register_02 - Step01: Click to Register link
[2023-09-21 00:23:29,251] Register_02 - Step02: Input to require fields
[2023-09-21 00:23:29,930] Register_02 - Step03: Click to Register button
[2023-09-21 00:23:30,175] Register_02 - Step04: Verify Email invalid
[2023-09-21 00:23:30,221] ---------------------- Passed -----------------------
[2023-09-21 00:23:30,222] Register_03 - Step01: Click to Register link
[2023-09-21 00:23:30,583] Register_03 - Step02: Input to require fields
[2023-09-21 00:23:31,216] Register_03 - Step03: Click to Register button
[2023-09-21 00:23:31,905] Register_03 - Step04: Verify success message displayed
[2023-09-21 00:23:31,979] ---------------------- Passed -----------------------
[2023-09-21 00:23:33,342] ---------------------- Passed -----------------------
[2023-09-21 00:23:34,632] ---------------------- Passed -----------------------
[2023-09-21 00:23:36,493] ---------------------- Passed -----------------------
[2023-09-21 00:25:55,240] Register_01 - Step01: Click to Register link
[2023-09-21 00:25:56,241] Register_01 - Step02: Click to Register button
[2023-09-21 00:25:56,513] Register_01 - Step03: Verify error message
[2023-09-21 00:25:56,567] ---------------------- Passed -----------------------
[2023-09-21 00:25:56,618] ---------------------- Passed -----------------------
[2023-09-21 00:25:56,664] ---------------------- Passed -----------------------
[2023-09-21 00:25:56,710] ---------------------- Passed -----------------------
[2023-09-21 00:25:56,757] ---------------------- Passed -----------------------
[2023-09-21 00:25:56,760] Register_02 - Step01: Click to Register link
[2023-09-21 00:25:57,659] Register_02 - Step02: Input to require fields
[2023-09-21 00:25:58,289] Register_02 - Step03: Click to Register button
[2023-09-21 00:25:58,547] Register_02 - Step04: Verify Email invalid
[2023-09-21 00:25:58,602] ---------------------- Passed -----------------------
[2023-09-21 00:25:58,604] Register_03 - Step01: Click to Register link
[2023-09-21 00:25:58,966] Register_03 - Step02: Input to require fields
[2023-09-21 00:25:59,613] Register_03 - Step03: Click to Register button
[2023-09-21 00:26:00,337] Register_03 - Step04: Verify success message displayed
[2023-09-21 00:26:00,402] ---------------------- Passed -----------------------
[2023-09-21 00:26:01,828] ---------------------- Passed -----------------------
[2023-09-21 00:26:03,161] ---------------------- Passed -----------------------
[2023-09-21 00:26:04,980] ---------------------- Passed -----------------------
[2023-09-21 00:26:14,180] ---------------------- Passed -----------------------
[2023-09-21 00:26:14,627] ---------------------- Passed -----------------------
[2023-09-21 00:26:16,640] ---------------------- Passed -----------------------
[2023-09-21 00:26:16,684] ---------------------- Passed -----------------------
[2023-09-21 00:26:16,747] ---------------------- Passed -----------------------
[2023-09-21 00:26:16,811] ---------------------- Passed -----------------------
[2023-09-21 00:26:16,871] ---------------------- Passed -----------------------
[2023-09-21 00:26:16,938] ---------------------- Passed -----------------------
[2023-09-21 00:26:16,999] ---------------------- Passed -----------------------
[2023-09-21 00:26:17,058] ---------------------- Passed -----------------------
[2023-09-21 00:26:17,121] ---------------------- Passed -----------------------
[2023-09-21 00:26:17,621] ---------------------- Passed -----------------------
[2023-09-21 00:26:19,505] ---------------------- Passed -----------------------
[2023-09-21 00:26:19,548] ---------------------- Passed -----------------------
[2023-09-21 00:26:19,628] ---------------------- Passed -----------------------
[2023-09-21 00:26:19,628] ---------------------- Passed -----------------------
[2023-09-21 00:26:19,640] ---------------------- Passed -----------------------
[2023-09-21 00:26:20,078] ---------------------- Passed -----------------------
[2023-09-21 00:26:20,763] ---------------------- Passed -----------------------
[2023-09-21 00:26:24,705] ---------------------- Passed -----------------------
[2023-09-21 00:39:38,332] Register_01 - Step01: Click to Register link
[2023-09-21 00:39:39,280] Register_01 - Step02: Click to Register button
[2023-09-21 00:39:39,521] Register_01 - Step03: Verify error message
[2023-09-21 00:39:39,606] ---------------------- Passed -----------------------
[2023-09-21 00:39:39,659] ---------------------- Passed -----------------------
[2023-09-21 00:39:39,708] ---------------------- Passed -----------------------
[2023-09-21 00:39:39,754] ---------------------- Passed -----------------------
[2023-09-21 00:39:39,801] ---------------------- Passed -----------------------
[2023-09-21 00:39:39,804] Register_02 - Step01: Click to Register link
[2023-09-21 00:39:40,646] Register_02 - Step02: Input to require fields
[2023-09-21 00:39:41,284] Register_02 - Step03: Click to Register button
[2023-09-21 00:39:41,531] Register_02 - Step04: Verify Email invalid
[2023-09-21 00:39:41,611] ---------------------- Passed -----------------------
[2023-09-21 00:39:41,613] Register_03 - Step01: Click to Register link
[2023-09-21 00:39:41,980] Register_03 - Step02: Input to require fields
[2023-09-21 00:39:42,600] Register_03 - Step03: Click to Register button
[2023-09-21 00:39:43,317] Register_03 - Step04: Verify success message displayed
[2023-09-21 00:39:43,361] ---------------------- Passed -----------------------
[2023-09-21 00:39:44,732] ---------------------- Passed -----------------------
[2023-09-21 00:39:45,999] ---------------------- Passed -----------------------
[2023-09-21 00:39:47,818] ---------------------- Passed -----------------------
[2023-09-21 00:39:56,496] Login_Step01: Click to Login link
[2023-09-21 00:39:56,896] Login_Step02: Click to Login button
[2023-09-21 00:39:57,179] Login_Step03: Verify require messages
[2023-09-21 00:39:57,239] Login_Step01: Click to Login link
[2023-09-21 00:39:57,621] Login_Step02: Enter to Invalid Email and correct password
[2023-09-21 00:39:57,719] Login_Step03: Click to Login button
[2023-09-21 00:39:57,985] Login_Step04: Verify error message of email
[2023-09-21 00:39:58,055] Login_Step01: Click to Login link
[2023-09-21 00:39:58,437] Login_Step02: Enter to Email not exsit and correct password
[2023-09-21 00:39:58,532] Login_Step03: Click to Login button
[2023-09-21 00:39:58,893] Login_Step04: Verify error message
[2023-09-21 00:39:59,022] Login_Step01: Click to Login link
[2023-09-21 00:39:59,423] Login_Step02: Enter to Email existed and no password
[2023-09-21 00:39:59,483] Login_Step03: Click to Login button
[2023-09-21 00:40:02,385] Login_Step04: Verify error message
[2023-09-21 00:40:02,452] Login_Step01: Click to Login link
[2023-09-21 00:40:02,878] Login_Step02: Enter to Email existed and wrong password
[2023-09-21 00:40:02,973] Login_Step03: Click to Login button
[2023-09-21 00:40:03,405] Login_Step04: Verify error message
[2023-09-21 00:40:03,477] Login_Step01: Click to Login link
[2023-09-21 00:40:03,903] Login_Step02: Enter to Email existed and correct password 
[2023-09-21 00:40:03,994] Login_Step03: Click to Login button
[2023-09-21 00:40:07,732] Login_Step04: Verify success message
[2023-09-21 00:40:15,431] ---------------------- Passed -----------------------
[2023-09-21 00:40:15,928] ---------------------- Passed -----------------------
[2023-09-21 00:40:17,959] ---------------------- Passed -----------------------
[2023-09-21 00:40:18,003] ---------------------- Passed -----------------------
[2023-09-21 00:40:18,065] ---------------------- Passed -----------------------
[2023-09-21 00:40:18,128] ---------------------- Passed -----------------------
[2023-09-21 00:40:18,189] ---------------------- Passed -----------------------
[2023-09-21 00:40:18,256] ---------------------- Passed -----------------------
[2023-09-21 00:40:18,350] ---------------------- Passed -----------------------
[2023-09-21 00:40:18,429] ---------------------- Passed -----------------------
[2023-09-21 00:40:18,482] ---------------------- Passed -----------------------
[2023-09-21 00:40:18,965] ---------------------- Passed -----------------------
[2023-09-21 00:40:20,966] ---------------------- Passed -----------------------
[2023-09-21 00:40:21,008] ---------------------- Passed -----------------------
[2023-09-21 00:40:21,072] ---------------------- Passed -----------------------
[2023-09-21 00:40:21,072] ---------------------- Passed -----------------------
[2023-09-21 00:40:21,086] ---------------------- Passed -----------------------
[2023-09-21 00:40:21,541] ---------------------- Passed -----------------------
[2023-09-21 00:40:22,242] ---------------------- Passed -----------------------
[2023-09-21 00:40:26,097] ---------------------- Passed -----------------------
[2023-09-21 00:44:46,219] Login_Step01: Click to Login link
[2023-09-21 00:44:46,760] Login_Step02: Click to Login button
[2023-09-21 00:44:47,059] Login_Step03: Verify require messages
[2023-09-21 00:44:47,121] Login_Step01: Click to Login link
[2023-09-21 00:44:47,634] Login_Step02: Enter to Invalid Email and correct password
[2023-09-21 00:44:47,737] Login_Step03: Click to Login button
[2023-09-21 00:44:48,007] Login_Step04: Verify error message of email
[2023-09-21 00:44:48,074] Login_Step01: Click to Login link
[2023-09-21 00:44:48,509] Login_Step02: Enter to Email not exsit and correct password
[2023-09-21 00:44:48,606] Login_Step03: Click to Login button
[2023-09-21 00:44:49,094] Login_Step04: Verify error message
[2023-09-21 00:44:49,220] Login_Step01: Click to Login link
[2023-09-21 00:44:49,729] Login_Step02: Enter to Email existed and no password
[2023-09-21 00:44:49,784] Login_Step03: Click to Login button
[2023-09-21 00:44:52,392] Login_Step04: Verify error message
[2023-09-21 00:44:52,459] Login_Step01: Click to Login link
[2023-09-21 00:44:52,962] Login_Step02: Enter to Email existed and wrong password
[2023-09-21 00:44:53,055] Login_Step03: Click to Login button
[2023-09-21 00:44:53,660] Login_Step04: Verify error message
[2023-09-21 00:44:53,719] Login_Step01: Click to Login link
[2023-09-21 00:44:54,269] Login_Step02: Enter to Email existed and correct password 
[2023-09-21 00:44:54,367] Login_Step03: Click to Login button
[2023-09-21 00:44:58,619] Login_Step04: Verify success message
[2023-09-21 00:54:13,977] Register_01 - Step01: Click to Register link
[2023-09-21 00:54:15,013] Register_01 - Step02: Click to Register button
[2023-09-21 00:54:15,273] Register_01 - Step03: Verify error message
[2023-09-21 00:54:15,349] ---------------------- Passed -----------------------
[2023-09-21 00:54:15,400] ---------------------- Passed -----------------------
[2023-09-21 00:54:15,465] ---------------------- Passed -----------------------
[2023-09-21 00:54:15,510] ---------------------- Passed -----------------------
[2023-09-21 00:54:15,559] ---------------------- Passed -----------------------
[2023-09-21 00:54:15,562] Register_02 - Step01: Click to Register link
[2023-09-21 00:54:16,580] Register_02 - Step02: Input to require fields
[2023-09-21 00:54:17,236] Register_02 - Step03: Click to Register button
[2023-09-21 00:54:17,478] Register_02 - Step04: Verify Email invalid
[2023-09-21 00:54:17,527] ---------------------- Passed -----------------------
[2023-09-21 00:54:17,529] Register_03 - Step01: Click to Register link
[2023-09-21 00:54:17,902] Register_03 - Step02: Input to require fields
[2023-09-21 00:54:18,554] Register_03 - Step03: Click to Register button
[2023-09-21 00:54:19,242] Register_03 - Step04: Verify success message displayed
[2023-09-21 00:54:19,283] ---------------------- Passed -----------------------
[2023-09-21 00:54:20,711] ---------------------- Passed -----------------------
[2023-09-21 00:54:21,995] ---------------------- Passed -----------------------
[2023-09-21 00:54:23,800] ---------------------- Passed -----------------------
[2023-09-21 00:54:33,090] Login_Step01: Click to Login link
[2023-09-21 00:54:33,498] Login_Step02: Click to Login button
[2023-09-21 00:54:33,790] Login_Step03: Verify require messages
[2023-09-21 00:54:33,884] Login_Step01: Click to Login link
[2023-09-21 00:54:34,258] Login_Step02: Enter to Invalid Email and correct password
[2023-09-21 00:54:34,361] Login_Step03: Click to Login button
[2023-09-21 00:54:34,634] Login_Step04: Verify error message of email
[2023-09-21 00:54:34,694] Login_Step01: Click to Login link
[2023-09-21 00:54:35,060] Login_Step02: Enter to Email not exsit and correct password
[2023-09-21 00:54:35,166] Login_Step03: Click to Login button
[2023-09-21 00:54:35,689] Login_Step04: Verify error message
[2023-09-21 00:54:35,810] Login_Step01: Click to Login link
[2023-09-21 00:54:36,253] Login_Step02: Enter to Email existed and no password
[2023-09-21 00:54:36,303] Login_Step03: Click to Login button
[2023-09-21 00:54:38,768] Login_Step04: Verify error message
[2023-09-21 00:54:38,852] Login_Step01: Click to Login link
[2023-09-21 00:54:39,244] Login_Step02: Enter to Email existed and wrong password
[2023-09-21 00:54:39,341] Login_Step03: Click to Login button
[2023-09-21 00:54:39,727] Login_Step04: Verify error message
[2023-09-21 00:54:39,788] Login_Step01: Click to Login link
[2023-09-21 00:54:40,193] Login_Step02: Enter to Email existed and correct password 
[2023-09-21 00:54:40,296] Login_Step03: Click to Login button
[2023-09-21 00:54:44,048] Login_Step04: Verify success message
[2023-09-21 00:54:53,343] ---------------------- Passed -----------------------
[2023-09-21 00:54:53,809] ---------------------- Passed -----------------------
[2023-09-21 00:54:55,858] ---------------------- Passed -----------------------
[2023-09-21 00:54:55,902] ---------------------- Passed -----------------------
[2023-09-21 00:54:55,963] ---------------------- Passed -----------------------
[2023-09-21 00:54:56,025] ---------------------- Passed -----------------------
[2023-09-21 00:54:56,089] ---------------------- Passed -----------------------
[2023-09-21 00:54:56,155] ---------------------- Passed -----------------------
[2023-09-21 00:54:56,217] ---------------------- Passed -----------------------
[2023-09-21 00:54:56,289] ---------------------- Passed -----------------------
[2023-09-21 00:54:56,356] ---------------------- Passed -----------------------
[2023-09-21 00:54:56,817] ---------------------- Passed -----------------------
[2023-09-21 00:54:58,697] ---------------------- Passed -----------------------
[2023-09-21 00:54:58,741] ---------------------- Passed -----------------------
[2023-09-21 00:54:58,821] ---------------------- Passed -----------------------
[2023-09-21 00:54:58,821] ---------------------- Passed -----------------------
[2023-09-21 00:54:58,835] ---------------------- Passed -----------------------
[2023-09-21 00:54:59,305] ---------------------- Passed -----------------------
[2023-09-21 00:55:00,039] ---------------------- Passed -----------------------
[2023-09-21 00:55:04,066] ---------------------- Passed -----------------------
[2023-09-21 02:27:29,483] ---------------------- Passed -----------------------
[2023-09-21 02:27:29,933] ---------------------- Passed -----------------------
[2023-09-21 02:27:31,990] ---------------------- Passed -----------------------
[2023-09-21 02:27:32,041] ---------------------- Passed -----------------------
[2023-09-21 02:27:32,112] ---------------------- Passed -----------------------
[2023-09-21 02:27:32,168] ---------------------- Passed -----------------------
[2023-09-21 02:27:32,231] ---------------------- Passed -----------------------
[2023-09-21 02:27:32,297] ---------------------- Passed -----------------------
[2023-09-21 02:27:32,364] ---------------------- Passed -----------------------
[2023-09-21 02:27:32,432] ---------------------- Passed -----------------------
[2023-09-21 02:27:32,494] ---------------------- Passed -----------------------
[2023-09-21 02:27:32,983] ---------------------- Passed -----------------------
[2023-09-21 02:27:35,494] ---------------------- Passed -----------------------
[2023-09-21 02:27:35,544] ---------------------- Passed -----------------------
[2023-09-21 02:27:35,608] ---------------------- Passed -----------------------
[2023-09-21 02:27:35,608] ---------------------- Passed -----------------------
[2023-09-21 02:27:35,622] ---------------------- Passed -----------------------
[2023-09-21 02:27:36,092] ---------------------- Passed -----------------------
[2023-09-21 02:27:36,776] ---------------------- Passed -----------------------
[2023-09-21 02:27:40,726] ---------------------- Passed -----------------------
[2023-09-21 03:36:06,286] ---------------------- Passed -----------------------
[2023-09-21 03:36:06,831] ---------------------- Passed -----------------------
[2023-09-21 03:36:08,927] ---------------------- Passed -----------------------
[2023-09-21 03:36:08,968] ---------------------- Passed -----------------------
[2023-09-21 03:36:09,030] ---------------------- Passed -----------------------
[2023-09-21 03:36:09,092] ---------------------- Passed -----------------------
[2023-09-21 03:36:09,154] ---------------------- Passed -----------------------
[2023-09-21 03:36:09,220] ---------------------- Passed -----------------------
[2023-09-21 03:36:09,282] ---------------------- Passed -----------------------
[2023-09-21 03:36:09,341] ---------------------- Passed -----------------------
[2023-09-21 03:36:09,417] ---------------------- Passed -----------------------
[2023-09-21 03:36:09,920] ---------------------- Passed -----------------------
[2023-09-21 03:36:12,312] ---------------------- Passed -----------------------
[2023-09-21 03:36:12,370] ---------------------- Passed -----------------------
[2023-09-21 03:36:12,432] ---------------------- Passed -----------------------
[2023-09-21 03:36:12,433] ---------------------- Passed -----------------------
[2023-09-21 03:36:12,446] ---------------------- Passed -----------------------
[2023-09-21 03:36:12,943] ---------------------- Passed -----------------------
[2023-09-21 03:36:13,633] ---------------------- Passed -----------------------
[2023-09-21 03:36:17,539] ---------------------- Passed -----------------------
[2023-09-21 03:36:22,661] ---------------------- Passed -----------------------
[2023-09-21 04:03:27,992] ---------------------- Passed -----------------------
[2023-09-21 04:03:28,532] ---------------------- Passed -----------------------
[2023-09-21 04:03:30,620] ---------------------- Passed -----------------------
[2023-09-21 04:03:30,664] ---------------------- Passed -----------------------
[2023-09-21 04:03:30,727] ---------------------- Passed -----------------------
[2023-09-21 04:03:30,788] ---------------------- Passed -----------------------
[2023-09-21 04:03:30,850] ---------------------- Passed -----------------------
[2023-09-21 04:03:30,919] ---------------------- Passed -----------------------
[2023-09-21 04:03:30,994] ---------------------- Passed -----------------------
[2023-09-21 04:03:31,053] ---------------------- Passed -----------------------
[2023-09-21 04:03:31,116] ---------------------- Passed -----------------------
[2023-09-21 04:03:31,611] ---------------------- Passed -----------------------
[2023-09-21 04:03:33,442] ---------------------- Passed -----------------------
[2023-09-21 04:03:33,487] ---------------------- Passed -----------------------
[2023-09-21 04:03:33,549] ---------------------- Passed -----------------------
[2023-09-21 04:03:33,549] ---------------------- Passed -----------------------
[2023-09-21 04:03:33,564] ---------------------- Passed -----------------------
[2023-09-21 04:03:34,001] ---------------------- Passed -----------------------
[2023-09-21 04:03:34,732] ---------------------- Passed -----------------------
[2023-09-21 04:03:38,608] ---------------------- Passed -----------------------
[2023-09-21 04:03:39,309] MyAccount_Step01: Click to Menu Header
[2023-09-21 04:03:40,155] MyAccount_Step02: Click to Sub_Menu >> Item 
[2023-09-21 04:03:40,674] MyAccount_Step03: Click to Review link 
[2023-09-21 04:03:41,055] MyAccount_Step04: Enter info your review 
[2023-09-21 04:03:41,554] MyAccount_Step05: Submit your review
[2023-09-21 04:03:41,954] MyAccount_Step05: Verify all info your review
[2023-09-21 04:03:41,997] ---------------------- Passed -----------------------
[2023-09-21 04:03:42,042] ---------------------- Passed -----------------------
[2023-09-21 04:03:42,087] ---------------------- Passed -----------------------
[2023-09-21 04:03:42,087] MyAccount_Step06: Verify your review in My Product Review in My Account
[2023-09-21 04:03:42,866] ---------------------- Passed -----------------------
[2023-09-21 04:13:07,892] ---------------------- Passed -----------------------
[2023-09-21 04:13:08,325] ---------------------- Passed -----------------------
[2023-09-21 04:13:10,415] ---------------------- Passed -----------------------
[2023-09-21 04:13:10,459] ---------------------- Passed -----------------------
[2023-09-21 04:13:10,520] ---------------------- Passed -----------------------
[2023-09-21 04:13:10,590] ---------------------- Passed -----------------------
[2023-09-21 04:13:10,646] ---------------------- Passed -----------------------
[2023-09-21 04:13:10,726] ---------------------- Passed -----------------------
[2023-09-21 04:13:10,816] ---------------------- Passed -----------------------
[2023-09-21 04:13:10,878] ---------------------- Passed -----------------------
[2023-09-21 04:13:10,939] ---------------------- Passed -----------------------
[2023-09-21 04:13:11,394] ---------------------- Passed -----------------------
[2023-09-21 04:13:13,369] ---------------------- Passed -----------------------
[2023-09-21 04:13:13,412] ---------------------- Passed -----------------------
[2023-09-21 04:13:13,473] ---------------------- Passed -----------------------
[2023-09-21 04:13:13,473] ---------------------- Passed -----------------------
[2023-09-21 04:13:13,493] ---------------------- Passed -----------------------
[2023-09-21 04:13:13,942] ---------------------- Passed -----------------------
[2023-09-21 04:13:14,643] ---------------------- Passed -----------------------
[2023-09-21 04:13:18,452] ---------------------- Passed -----------------------
[2023-09-21 04:13:19,139] MyAccount_Step01: Click to Menu Header
[2023-09-21 04:13:20,511] MyAccount_Step02: Click to Sub_Menu >> Item 
[2023-09-21 04:13:21,020] MyAccount_Step03: Click to Review link 
[2023-09-21 04:13:21,395] MyAccount_Step04: Enter info your review 
[2023-09-21 04:13:21,899] MyAccount_Step05: Submit your review
[2023-09-21 04:13:22,266] MyAccount_Step05: Verify all info your review
[2023-09-21 04:13:22,319] ---------------------- Passed -----------------------
[2023-09-21 04:13:22,375] ---------------------- Passed -----------------------
[2023-09-21 04:13:22,411] ---------------------- Passed -----------------------
[2023-09-21 04:13:22,411] MyAccount_Step06: Verify your review in My Product Review in My Account
[2023-09-21 04:15:20,638] ---------------------- Passed -----------------------
[2023-09-21 04:15:21,100] ---------------------- Passed -----------------------
[2023-09-21 04:15:23,238] ---------------------- Passed -----------------------
[2023-09-21 04:15:23,296] ---------------------- Passed -----------------------
[2023-09-21 04:15:23,357] ---------------------- Passed -----------------------
[2023-09-21 04:15:23,434] ---------------------- Passed -----------------------
[2023-09-21 04:15:23,512] ---------------------- Passed -----------------------
[2023-09-21 04:15:23,579] ---------------------- Passed -----------------------
[2023-09-21 04:15:23,641] ---------------------- Passed -----------------------
[2023-09-21 04:15:23,698] ---------------------- Passed -----------------------
[2023-09-21 04:15:23,760] ---------------------- Passed -----------------------
[2023-09-21 04:15:24,241] ---------------------- Passed -----------------------
[2023-09-21 04:15:26,288] ---------------------- Passed -----------------------
[2023-09-21 04:15:26,350] ---------------------- Passed -----------------------
[2023-09-21 04:15:26,413] ---------------------- Passed -----------------------
[2023-09-21 04:15:26,413] ---------------------- Passed -----------------------
[2023-09-21 04:15:26,427] ---------------------- Passed -----------------------
[2023-09-21 04:15:26,928] ---------------------- Passed -----------------------
[2023-09-21 04:15:27,658] ---------------------- Passed -----------------------
[2023-09-21 04:15:31,631] ---------------------- Passed -----------------------
[2023-09-21 04:15:32,359] MyAccount_Step01: Click to Menu Header
[2023-09-21 04:15:33,109] MyAccount_Step02: Click to Sub_Menu >> Item 
[2023-09-21 04:15:34,373] MyAccount_Step03: Click to Review link 
[2023-09-21 04:15:34,808] MyAccount_Step04: Enter info your review 
[2023-09-21 04:15:35,330] MyAccount_Step05: Submit your review
[2023-09-21 04:15:35,763] MyAccount_Step05: Verify all info your review
[2023-09-21 04:15:35,804] ---------------------- Passed -----------------------
[2023-09-21 04:15:35,851] ---------------------- Passed -----------------------
[2023-09-21 04:15:35,917] ---------------------- Passed -----------------------
[2023-09-21 04:15:35,918] MyAccount_Step06: Verify your review in My Product Review in My Account
[2023-09-21 04:26:03,063] ---------------------- Passed -----------------------
[2023-09-21 04:26:03,602] ---------------------- Passed -----------------------
[2023-09-21 04:26:05,621] ---------------------- Passed -----------------------
[2023-09-21 04:26:05,663] ---------------------- Passed -----------------------
[2023-09-21 04:26:05,724] ---------------------- Passed -----------------------
[2023-09-21 04:26:05,815] ---------------------- Passed -----------------------
[2023-09-21 04:26:05,886] ---------------------- Passed -----------------------
[2023-09-21 04:26:05,945] ---------------------- Passed -----------------------
[2023-09-21 04:26:06,006] ---------------------- Passed -----------------------
[2023-09-21 04:26:06,096] ---------------------- Passed -----------------------
[2023-09-21 04:26:06,159] ---------------------- Passed -----------------------
[2023-09-21 04:26:06,629] ---------------------- Passed -----------------------
[2023-09-21 04:26:09,293] ---------------------- Passed -----------------------
[2023-09-21 04:26:09,332] ---------------------- Passed -----------------------
[2023-09-21 04:26:09,393] ---------------------- Passed -----------------------
[2023-09-21 04:26:09,393] ---------------------- Passed -----------------------
[2023-09-21 04:26:09,407] ---------------------- Passed -----------------------
[2023-09-21 04:26:09,895] ---------------------- Passed -----------------------
[2023-09-21 04:26:10,590] ---------------------- Passed -----------------------
[2023-09-21 04:26:14,527] ---------------------- Passed -----------------------
[2023-09-21 04:26:15,274] MyAccount_Step01: Click to Menu Header
[2023-09-21 04:26:17,206] MyAccount_Step02: Click to Sub_Menu >> Item 
[2023-09-21 04:26:19,987] MyAccount_Step03: Click to Review link 
[2023-09-21 04:26:20,435] MyAccount_Step04: Enter info your review 
[2023-09-21 04:26:20,961] MyAccount_Step05: Submit your review
[2023-09-21 04:26:22,010] MyAccount_Step05: Verify all info your review
[2023-09-21 04:26:22,050] ---------------------- Passed -----------------------
[2023-09-21 04:26:22,095] ---------------------- Passed -----------------------
[2023-09-21 04:26:22,142] ---------------------- Passed -----------------------
[2023-09-21 04:26:22,142] MyAccount_Step06: Verify your review in My Product Review in My Account
[2023-09-21 04:27:43,643] ---------------------- Passed -----------------------
[2023-09-21 04:27:44,170] ---------------------- Passed -----------------------
[2023-09-21 04:27:46,236] ---------------------- Passed -----------------------
[2023-09-21 04:27:46,277] ---------------------- Passed -----------------------
[2023-09-21 04:27:46,356] ---------------------- Passed -----------------------
[2023-09-21 04:27:46,420] ---------------------- Passed -----------------------
[2023-09-21 04:27:46,480] ---------------------- Passed -----------------------
[2023-09-21 04:27:46,545] ---------------------- Passed -----------------------
[2023-09-21 04:27:46,623] ---------------------- Passed -----------------------
[2023-09-21 04:27:46,683] ---------------------- Passed -----------------------
[2023-09-21 04:27:46,745] ---------------------- Passed -----------------------
[2023-09-21 04:27:47,211] ---------------------- Passed -----------------------
[2023-09-21 04:27:49,191] ---------------------- Passed -----------------------
[2023-09-21 04:27:49,237] ---------------------- Passed -----------------------
[2023-09-21 04:27:49,297] ---------------------- Passed -----------------------
[2023-09-21 04:27:49,297] ---------------------- Passed -----------------------
[2023-09-21 04:27:49,311] ---------------------- Passed -----------------------
[2023-09-21 04:27:49,796] ---------------------- Passed -----------------------
[2023-09-21 04:27:50,541] ---------------------- Passed -----------------------
[2023-09-21 04:27:54,491] ---------------------- Passed -----------------------
[2023-09-21 04:27:55,233] MyAccount_Step01: Click to Menu Header
[2023-09-21 04:27:56,636] MyAccount_Step02: Click to Sub_Menu >> Item 
[2023-09-21 04:27:57,947] MyAccount_Step03: Click to Review link 
[2023-09-21 04:27:58,347] MyAccount_Step04: Enter info your review 
[2023-09-21 04:27:58,876] MyAccount_Step05: Submit your review
[2023-09-21 04:27:59,263] MyAccount_Step05: Verify all info your review
[2023-09-21 04:27:59,327] ---------------------- Passed -----------------------
[2023-09-21 04:27:59,374] ---------------------- Passed -----------------------
[2023-09-21 04:27:59,421] ---------------------- Passed -----------------------
[2023-09-21 04:27:59,421] MyAccount_Step06: Verify your review in My Product Review in My Account
[2023-09-21 04:36:27,132] ---------------------- Passed -----------------------
[2023-09-21 04:36:27,612] ---------------------- Passed -----------------------
[2023-09-21 04:36:29,660] ---------------------- Passed -----------------------
[2023-09-21 04:36:29,702] ---------------------- Passed -----------------------
[2023-09-21 04:36:29,766] ---------------------- Passed -----------------------
[2023-09-21 04:36:29,828] ---------------------- Passed -----------------------
[2023-09-21 04:36:29,892] ---------------------- Passed -----------------------
[2023-09-21 04:36:29,958] ---------------------- Passed -----------------------
[2023-09-21 04:36:30,020] ---------------------- Passed -----------------------
[2023-09-21 04:36:30,078] ---------------------- Passed -----------------------
[2023-09-21 04:36:30,141] ---------------------- Passed -----------------------
[2023-09-21 04:36:30,628] ---------------------- Passed -----------------------
[2023-09-21 04:36:32,520] ---------------------- Passed -----------------------
[2023-09-21 04:36:32,565] ---------------------- Passed -----------------------
[2023-09-21 04:36:32,627] ---------------------- Passed -----------------------
[2023-09-21 04:36:32,627] ---------------------- Passed -----------------------
[2023-09-21 04:36:32,672] ---------------------- Passed -----------------------
[2023-09-21 04:36:33,125] ---------------------- Passed -----------------------
[2023-09-21 04:36:33,837] ---------------------- Passed -----------------------
[2023-09-21 04:36:37,713] ---------------------- Passed -----------------------
[2023-09-21 04:36:38,408] MyAccount_Step01: Click to Menu Header
[2023-09-21 04:37:01,748] ---------------------- Passed -----------------------
[2023-09-21 04:37:02,727] ---------------------- Passed -----------------------
[2023-09-21 04:37:05,182] ---------------------- Passed -----------------------
[2023-09-21 04:37:05,233] ---------------------- Passed -----------------------
[2023-09-21 04:37:05,289] ---------------------- Passed -----------------------
[2023-09-21 04:37:05,350] ---------------------- Passed -----------------------
[2023-09-21 04:37:05,413] ---------------------- Passed -----------------------
[2023-09-21 04:37:05,492] ---------------------- Passed -----------------------
[2023-09-21 04:37:05,560] ---------------------- Passed -----------------------
[2023-09-21 04:37:05,614] ---------------------- Passed -----------------------
[2023-09-21 04:37:05,676] ---------------------- Passed -----------------------
[2023-09-21 04:37:06,200] ---------------------- Passed -----------------------
[2023-09-21 04:37:08,194] ---------------------- Passed -----------------------
[2023-09-21 04:37:08,237] ---------------------- Passed -----------------------
[2023-09-21 04:37:08,299] ---------------------- Passed -----------------------
[2023-09-21 04:37:08,300] ---------------------- Passed -----------------------
[2023-09-21 04:37:08,313] ---------------------- Passed -----------------------
[2023-09-21 04:37:08,878] ---------------------- Passed -----------------------
[2023-09-21 04:37:09,701] ---------------------- Passed -----------------------
[2023-09-21 04:37:13,639] ---------------------- Passed -----------------------
[2023-09-21 04:37:14,462] MyAccount_Step01: Click to Menu Header
[2023-09-21 04:37:15,245] MyAccount_Step02: Click to Sub_Menu >> Item 
[2023-09-21 04:37:16,394] MyAccount_Step03: Click to Review link 
[2023-09-21 04:37:16,801] MyAccount_Step04: Enter info your review 
[2023-09-21 04:37:17,339] MyAccount_Step05: Submit your review
[2023-09-21 04:37:17,797] MyAccount_Step05: Verify all info your review
[2023-09-21 04:37:17,841] ---------------------- Passed -----------------------
[2023-09-21 04:37:17,886] ---------------------- Passed -----------------------
[2023-09-21 04:37:17,935] ---------------------- Passed -----------------------
[2023-09-21 04:37:17,935] MyAccount_Step06: Verify your review in My Product Review in My Account
[2023-09-21 04:40:10,683] ---------------------- Passed -----------------------
[2023-09-21 04:40:12,274] ---------------------- Passed -----------------------
[2023-09-21 04:40:14,400] ---------------------- Passed -----------------------
[2023-09-21 04:40:14,442] ---------------------- Passed -----------------------
[2023-09-21 04:40:14,517] ---------------------- Passed -----------------------
[2023-09-21 04:40:14,580] ---------------------- Passed -----------------------
[2023-09-21 04:40:14,651] ---------------------- Passed -----------------------
[2023-09-21 04:40:14,724] ---------------------- Passed -----------------------
[2023-09-21 04:40:14,801] ---------------------- Passed -----------------------
[2023-09-21 04:40:14,859] ---------------------- Passed -----------------------
[2023-09-21 04:40:14,960] ---------------------- Passed -----------------------
[2023-09-21 04:40:15,500] ---------------------- Passed -----------------------
[2023-09-21 04:40:18,223] ---------------------- Passed -----------------------
[2023-09-21 04:40:18,268] ---------------------- Passed -----------------------
[2023-09-21 04:40:18,330] ---------------------- Passed -----------------------
[2023-09-21 04:40:18,330] ---------------------- Passed -----------------------
[2023-09-21 04:40:18,345] ---------------------- Passed -----------------------
[2023-09-21 04:40:18,813] ---------------------- Passed -----------------------
[2023-09-21 04:40:19,545] ---------------------- Passed -----------------------
[2023-09-21 04:40:23,585] ---------------------- Passed -----------------------
[2023-09-21 04:40:24,398] MyAccount_Step01: Click to Menu Header
[2023-09-21 04:40:31,300] MyAccount_Step02: Click to Sub_Menu >> Item 
[2023-09-21 04:40:33,628] MyAccount_Step03: Click to Review link 
[2023-09-21 04:40:34,594] MyAccount_Step04: Enter info your review 
[2023-09-21 04:40:35,101] MyAccount_Step05: Submit your review
[2023-09-21 04:40:37,073] MyAccount_Step05: Verify all info your review
[2023-09-21 04:40:37,117] ---------------------- Passed -----------------------
[2023-09-21 04:40:37,161] ---------------------- Passed -----------------------
[2023-09-21 04:40:37,209] ---------------------- Passed -----------------------
[2023-09-21 04:40:37,209] MyAccount_Step06: Verify your review in My Product Review in My Account
[2023-09-21 04:42:26,485] ---------------------- Passed -----------------------
[2023-09-21 04:42:26,933] ---------------------- Passed -----------------------
[2023-09-21 04:42:28,963] ---------------------- Passed -----------------------
[2023-09-21 04:42:29,007] ---------------------- Passed -----------------------
[2023-09-21 04:42:29,068] ---------------------- Passed -----------------------
[2023-09-21 04:42:29,131] ---------------------- Passed -----------------------
[2023-09-21 04:42:29,197] ---------------------- Passed -----------------------
[2023-09-21 04:42:29,261] ---------------------- Passed -----------------------
[2023-09-21 04:42:29,324] ---------------------- Passed -----------------------
[2023-09-21 04:42:29,382] ---------------------- Passed -----------------------
[2023-09-21 04:42:29,447] ---------------------- Passed -----------------------
[2023-09-21 04:42:29,930] ---------------------- Passed -----------------------
[2023-09-21 04:42:31,821] ---------------------- Passed -----------------------
[2023-09-21 04:42:31,864] ---------------------- Passed -----------------------
[2023-09-21 04:42:31,927] ---------------------- Passed -----------------------
[2023-09-21 04:42:31,927] ---------------------- Passed -----------------------
[2023-09-21 04:42:31,941] ---------------------- Passed -----------------------
[2023-09-21 04:42:32,408] ---------------------- Passed -----------------------
[2023-09-21 04:42:33,077] ---------------------- Passed -----------------------
[2023-09-21 04:42:36,967] ---------------------- Passed -----------------------
[2023-09-21 04:42:37,672] MyAccount_Step01: Click to Menu Header
[2023-09-21 04:42:38,526] MyAccount_Step02: Click to Sub_Menu >> Item 
[2023-09-21 04:42:39,079] MyAccount_Step03: Click to Review link 
[2023-09-21 04:42:39,488] MyAccount_Step04: Enter info your review 
[2023-09-21 04:42:39,992] MyAccount_Step05: Submit your review
[2023-09-21 04:42:40,408] MyAccount_Step05: Verify all info your review
[2023-09-21 04:42:40,454] ---------------------- Passed -----------------------
[2023-09-21 04:42:40,499] ---------------------- Passed -----------------------
[2023-09-21 04:42:40,547] ---------------------- Passed -----------------------
[2023-09-21 04:42:40,547] MyAccount_Step06: Verify your review in My Product Review in My Account
[2023-09-21 04:44:10,943] ---------------------- Passed -----------------------
[2023-09-21 04:44:11,421] ---------------------- Passed -----------------------
[2023-09-21 04:44:13,438] ---------------------- Passed -----------------------
[2023-09-21 04:44:13,482] ---------------------- Passed -----------------------
[2023-09-21 04:44:13,544] ---------------------- Passed -----------------------
[2023-09-21 04:44:13,608] ---------------------- Passed -----------------------
[2023-09-21 04:44:13,669] ---------------------- Passed -----------------------
[2023-09-21 04:44:13,734] ---------------------- Passed -----------------------
[2023-09-21 04:44:13,796] ---------------------- Passed -----------------------
[2023-09-21 04:44:13,869] ---------------------- Passed -----------------------
[2023-09-21 04:44:13,930] ---------------------- Passed -----------------------
[2023-09-21 04:44:14,387] ---------------------- Passed -----------------------
[2023-09-21 04:44:16,769] ---------------------- Passed -----------------------
[2023-09-21 04:44:16,814] ---------------------- Passed -----------------------
[2023-09-21 04:44:16,878] ---------------------- Passed -----------------------
[2023-09-21 04:44:16,878] ---------------------- Passed -----------------------
[2023-09-21 04:44:16,891] ---------------------- Passed -----------------------
[2023-09-21 04:44:17,350] ---------------------- Passed -----------------------
[2023-09-21 04:44:18,029] ---------------------- Passed -----------------------
[2023-09-21 04:44:21,870] ---------------------- Passed -----------------------
[2023-09-21 04:44:22,595] MyAccount_Step01: Click to Menu Header
[2023-09-21 04:44:23,335] MyAccount_Step02: Click to Sub_Menu >> Item 
[2023-09-21 04:44:23,861] MyAccount_Step03: Click to Review link 
[2023-09-21 04:44:24,243] MyAccount_Step04: Enter info your review 
[2023-09-21 04:44:24,775] MyAccount_Step05: Submit your review
[2023-09-21 04:44:25,210] MyAccount_Step05: Verify all info your review
[2023-09-21 04:44:25,269] ---------------------- Passed -----------------------
[2023-09-21 04:44:25,315] ---------------------- Passed -----------------------
[2023-09-21 04:44:25,362] ---------------------- Passed -----------------------
[2023-09-21 04:44:25,362] MyAccount_Step06: Verify your review in My Product Review in My Account
[2023-09-21 05:33:55,428] ---------------------- Passed -----------------------
[2023-09-21 05:45:17,504] Search_Step01: Enter empty data in the searching bar >> enter
[2023-09-21 05:45:18,802] Search_Step02: Verify error message
[2023-09-21 05:45:18,859] ---------------------- Passed -----------------------
[2023-09-21 05:45:18,862] Search_Step01: Enter data not exist on searching >> enter
[2023-09-21 05:45:19,346] Search_Step02: Verify error message
[2023-09-21 05:45:19,413] ---------------------- Passed -----------------------
[2023-09-21 06:06:05,377] Search_Step01: Enter empty data in the searching bar >> enter
[2023-09-21 06:06:06,584] Search_Step02: Verify error message
[2023-09-21 06:06:06,647] ---------------------- Passed -----------------------
[2023-09-21 06:06:06,650] Search_Step01: Enter data not exist on searching >> enter
[2023-09-21 06:06:07,150] Search_Step02: Verify error message
[2023-09-21 06:06:07,220] ---------------------- Passed -----------------------
[2023-09-21 06:06:08,615] Search_Step01: Enter product name >> enter
[2023-09-21 06:06:09,723] Search_Step02: Verify 1 item product displayed
[2023-09-21 06:06:09,779] ---------------------- Passed -----------------------
[2023-09-21 06:08:16,381] Search_Step01: Enter empty data in the searching bar >> enter
[2023-09-21 06:08:17,583] Search_Step02: Verify error message
[2023-09-21 06:08:17,645] ---------------------- Passed -----------------------
[2023-09-21 06:08:17,648] Search_Step01: Enter data not exist on searching >> enter
[2023-09-21 06:08:18,121] Search_Step02: Verify error message
[2023-09-21 06:08:18,188] ---------------------- Passed -----------------------
[2023-09-21 06:08:19,410] Search_Step01: Enter product name >> enter
[2023-09-21 06:08:20,511] Search_Step02: Verify 1 item product displayed
[2023-09-21 06:08:20,575] ---------------------- Passed -----------------------
[2023-09-21 06:09:48,300] Search_Step01: Enter empty data in the searching bar >> enter
[2023-09-21 06:09:49,500] Search_Step02: Verify error message
[2023-09-21 06:09:49,577] ---------------------- Passed -----------------------
[2023-09-21 06:09:49,579] Search_Step01: Enter data not exist on searching >> enter
[2023-09-21 06:09:50,091] Search_Step02: Verify error message
[2023-09-21 06:09:50,153] ---------------------- Passed -----------------------
[2023-09-21 06:09:51,277] Search_Step01: Enter product name >> enter
[2023-09-21 06:09:52,307] Search_Step02: Verify 1 item product displayed
[2023-09-21 06:09:52,360] ---------------------- Passed -----------------------
[2023-09-21 06:13:11,745] Search_Step01: Enter empty data in the searching bar >> enter
[2023-09-21 06:13:12,970] Search_Step02: Verify error message
[2023-09-21 06:13:13,037] ---------------------- Passed -----------------------
[2023-09-21 06:13:13,040] Search_Step01: Enter data not exist on searching >> enter
[2023-09-21 06:13:14,495] Search_Step02: Verify error message
[2023-09-21 06:13:14,567] ---------------------- Passed -----------------------
[2023-09-21 06:13:15,731] Search_Step01: Enter product name >> enter
[2023-09-21 06:13:17,051] Search_Step02: Verify 1 item product displayed
[2023-09-21 06:13:17,142] ---------------------- Passed -----------------------
[2023-09-21 06:14:50,596] Search_Step01: Enter empty data in the searching bar >> enter
[2023-09-21 06:14:51,823] Search_Step02: Verify error message
[2023-09-21 06:14:51,881] ---------------------- Passed -----------------------
[2023-09-21 06:14:51,884] Search_Step01: Enter data not exist on searching >> enter
[2023-09-21 06:14:52,911] Search_Step02: Verify error message
[2023-09-21 06:14:52,980] ---------------------- Passed -----------------------
[2023-09-21 06:14:54,214] Search_Step01: Enter product name >> enter
[2023-09-21 06:14:55,234] Search_Step02: Verify 1 item product displayed
[2023-09-21 06:14:55,319] ---------------------- Passed -----------------------
[2023-09-21 06:16:06,396] Search_Step01: Enter empty data in the searching bar >> enter
[2023-09-21 06:16:07,555] Search_Step02: Verify error message
[2023-09-21 06:16:07,615] ---------------------- Passed -----------------------
[2023-09-21 06:16:07,618] Search_Step01: Enter data not exist on searching >> enter
[2023-09-21 06:16:08,096] Search_Step02: Verify error message
[2023-09-21 06:16:08,169] ---------------------- Passed -----------------------
[2023-09-21 06:16:09,304] Search_Step01: Enter product name >> enter
[2023-09-21 06:16:10,384] Search_Step02: Verify 1 item product displayed
[2023-09-21 06:20:31,472] Search_Step01: Enter empty data in the searching bar >> enter
[2023-09-21 06:20:32,732] Search_Step02: Verify error message
[2023-09-21 06:20:32,798] ---------------------- Passed -----------------------
[2023-09-21 06:20:32,800] Search_Step01: Enter data not exist on searching >> enter
[2023-09-21 06:20:33,323] Search_Step02: Verify error message
[2023-09-21 06:20:33,388] ---------------------- Passed -----------------------
[2023-09-21 06:20:34,555] Search_Step01: Enter product name >> enter
[2023-09-21 06:20:35,689] Search_Step02: Verify 1 item product displayed
[2023-09-21 06:20:35,772] ---------------------- Passed -----------------------
[2023-09-21 06:20:55,827] ---------------------- Failed -----------------------
[2023-09-21 06:21:25,960] Search_Step01: Enter empty data in the searching bar >> enter
[2023-09-21 06:21:27,293] Search_Step02: Verify error message
[2023-09-21 06:21:27,356] ---------------------- Passed -----------------------
[2023-09-21 06:21:27,359] Search_Step01: Enter data not exist on searching >> enter
[2023-09-21 06:21:28,397] Search_Step02: Verify error message
[2023-09-21 06:21:28,454] ---------------------- Passed -----------------------
[2023-09-21 06:21:30,105] Search_Step01: Enter product name >> enter
[2023-09-21 06:21:30,763] Search_Step02: Verify 1 item product displayed
[2023-09-21 06:21:30,837] ---------------------- Passed -----------------------
[2023-09-21 06:22:50,484] Search_Step01: Enter empty data in the searching bar >> enter
[2023-09-21 06:22:51,651] Search_Step02: Verify error message
[2023-09-21 06:22:51,721] ---------------------- Passed -----------------------
[2023-09-21 06:22:51,724] Search_Step01: Enter data not exist on searching >> enter
[2023-09-21 06:22:52,741] Search_Step02: Verify error message
[2023-09-21 06:22:52,829] ---------------------- Passed -----------------------
[2023-09-21 06:22:54,574] Search_Step01: Enter product name >> enter
[2023-09-21 06:22:55,190] Search_Step02: Verify 1 item product displayed
[2023-09-21 06:22:55,263] ---------------------- Passed -----------------------
[2023-09-21 06:24:07,324] Search_Step01: Enter empty data in the searching bar >> enter
[2023-09-21 06:24:09,115] Search_Step02: Verify error message
[2023-09-21 06:24:09,178] ---------------------- Passed -----------------------
[2023-09-21 06:24:09,183] Search_Step01: Enter data not exist on searching >> enter
[2023-09-21 06:24:10,198] Search_Step02: Verify error message
[2023-09-21 06:24:10,262] ---------------------- Passed -----------------------
[2023-09-21 06:24:11,364] Search_Step01: Enter product name >> enter
[2023-09-21 06:24:12,424] Search_Step02: Verify 1 item product displayed
[2023-09-21 06:24:12,504] ---------------------- Passed -----------------------
[2023-09-21 06:24:32,561] ---------------------- Failed -----------------------
[2023-09-21 06:25:06,700] Search_Step01: Enter empty data in the searching bar >> enter
[2023-09-21 06:25:07,934] Search_Step02: Verify error message
[2023-09-21 06:25:07,994] ---------------------- Passed -----------------------
[2023-09-21 06:25:07,997] Search_Step01: Enter data not exist on searching >> enter
[2023-09-21 06:25:09,043] Search_Step02: Verify error message
[2023-09-21 06:25:09,111] ---------------------- Passed -----------------------
[2023-09-21 06:25:10,291] Search_Step01: Enter product name >> enter
[2023-09-21 06:25:14,389] Search_Step02: Verify 1 item product displayed
[2023-09-21 06:25:14,492] ---------------------- Passed -----------------------
[2023-09-21 06:25:54,524] Search_Step01: Enter empty data in the searching bar >> enter
[2023-09-21 06:25:55,769] Search_Step02: Verify error message
[2023-09-21 06:25:55,837] ---------------------- Passed -----------------------
[2023-09-21 06:25:55,840] Search_Step01: Enter data not exist on searching >> enter
[2023-09-21 06:25:56,905] Search_Step02: Verify error message
[2023-09-21 06:25:56,987] ---------------------- Passed -----------------------
[2023-09-21 06:25:58,151] Search_Step01: Enter product name >> enter
[2023-09-21 06:25:58,691] Search_Step02: Verify 1 item product displayed
[2023-09-21 06:25:58,778] ---------------------- Passed -----------------------
[2023-09-21 06:25:58,841] ---------------------- Passed -----------------------
[2023-09-21 11:33:04,493] Search_Step01: Enter empty data in the searching bar >> enter
[2023-09-21 11:33:05,608] Search_Step02: Verify error message
[2023-09-21 11:33:05,677] ---------------------- Passed -----------------------
[2023-09-21 11:33:05,678] Search_Step01: Enter data not exist on searching >> enter
[2023-09-21 11:33:06,681] Search_Step02: Verify error message
[2023-09-21 11:33:06,741] ---------------------- Passed -----------------------
[2023-09-21 11:33:07,879] Search_Step01: Enter product name >> enter
[2023-09-21 11:33:08,879] Search_Step02: Verify the item product displayed
[2023-09-21 11:33:08,963] ---------------------- Passed -----------------------
[2023-09-21 11:33:09,025] ---------------------- Passed -----------------------
[2023-09-21 11:33:54,480] Search_Step01: Enter empty data in the searching bar >> enter
[2023-09-21 11:33:55,783] Search_Step02: Verify error message
[2023-09-21 11:33:55,850] ---------------------- Passed -----------------------
[2023-09-21 11:33:55,851] Search_Step01: Enter data not exist on searching >> enter
[2023-09-21 11:33:56,847] Search_Step02: Verify error message
[2023-09-21 11:33:56,943] ---------------------- Passed -----------------------
[2023-09-21 11:33:58,638] Search_Step01: Enter product name >> enter
[2023-09-21 11:33:59,777] Search_Step02: Verify the item product displayed
[2023-09-21 11:33:59,854] ---------------------- Passed -----------------------
[2023-09-21 11:33:59,912] ---------------------- Passed -----------------------
[2023-09-21 11:34:29,127] Advanced Search_Step01: Enter parent categories >> enter
[2023-09-21 11:34:29,131] Search_Step01: Enter empty data in the searching bar >> enter
[2023-09-21 11:34:30,483] Search_Step02: Verify error message
[2023-09-21 11:34:30,542] ---------------------- Passed -----------------------
[2023-09-21 11:34:30,543] Search_Step01: Enter data not exist on searching >> enter
[2023-09-21 11:34:31,545] Search_Step02: Verify error message
[2023-09-21 11:34:31,610] ---------------------- Passed -----------------------
[2023-09-21 11:34:32,802] Search_Step01: Enter product name >> enter
[2023-09-21 11:34:34,645] Search_Step02: Verify the item product displayed
[2023-09-21 11:34:34,725] ---------------------- Passed -----------------------
[2023-09-21 11:34:34,783] ---------------------- Passed -----------------------
[2023-09-21 11:53:41,778] Advanced Search_Step01: Enter parent categories >> enter
[2023-09-21 11:53:41,783] Search_Step01: Enter empty data in the searching bar >> enter
[2023-09-21 11:53:43,063] Search_Step02: Verify error message
[2023-09-21 11:53:43,128] ---------------------- Passed -----------------------
[2023-09-21 11:53:43,130] Search_Step01: Enter data not exist on searching >> enter
[2023-09-21 11:53:44,327] Search_Step02: Verify error message
[2023-09-21 11:53:44,399] ---------------------- Passed -----------------------
[2023-09-21 11:53:45,594] Search_Step01: Enter product name >> enter
[2023-09-21 11:53:46,701] Search_Step02: Verify the item product displayed
[2023-09-21 11:53:46,788] ---------------------- Passed -----------------------
[2023-09-21 11:53:46,851] ---------------------- Passed -----------------------
[2023-09-21 11:55:34,887] Search_Step01: Enter empty data in the searching bar >> enter
[2023-09-21 11:55:36,150] Search_Step02: Verify error message
[2023-09-21 11:55:36,207] ---------------------- Passed -----------------------
[2023-09-21 11:55:36,210] Search_Step01: Enter data not exist on searching >> enter
[2023-09-21 11:55:36,715] Search_Step02: Verify error message
[2023-09-21 11:55:36,779] ---------------------- Passed -----------------------
[2023-09-21 11:55:37,949] Search_Step01: Enter product name >> enter
[2023-09-21 11:55:39,045] Search_Step02: Verify the item product displayed
[2023-09-21 11:55:39,124] ---------------------- Passed -----------------------
[2023-09-21 11:55:39,187] ---------------------- Passed -----------------------
[2023-09-21 11:59:02,370] Advanced Search_Step01: Enter parent categories >> enter
[2023-09-21 11:59:03,643] Advanced Search_Step02: Tick Advanced checkbox and select categories dropdown
[2023-09-21 11:59:04,262] Advanced Search_Step03: Click advanced search
[2023-09-21 11:59:04,770] Advanced Search_Step04: Verify message no result found
[2023-09-21 11:59:04,841] ---------------------- Passed -----------------------
[2023-09-21 11:59:04,844] Search_Step01: Enter empty data in the searching bar >> enter
[2023-09-21 11:59:05,359] Search_Step02: Verify error message
[2023-09-21 11:59:05,428] ---------------------- Passed -----------------------
[2023-09-21 11:59:05,430] Search_Step01: Enter data not exist on searching >> enter
[2023-09-21 11:59:05,979] Search_Step02: Verify error message
[2023-09-21 11:59:06,047] ---------------------- Passed -----------------------
[2023-09-21 11:59:07,229] Search_Step01: Enter product name >> enter
[2023-09-21 11:59:08,359] Search_Step02: Verify the item product displayed
[2023-09-21 11:59:08,443] ---------------------- Passed -----------------------
[2023-09-21 11:59:08,503] ---------------------- Passed -----------------------
[2023-09-21 12:00:11,752] Advanced Search_Step01: Enter parent categories >> enter
[2023-09-21 12:00:14,861] Advanced Search_Step02: Tick Advanced checkbox and select categories dropdown
[2023-09-21 12:00:15,498] Advanced Search_Step03: Click advanced search
[2023-09-21 12:00:16,104] Advanced Search_Step04: Verify message no result found
[2023-09-21 12:00:16,170] ---------------------- Passed -----------------------
[2023-09-21 12:00:16,174] Search_Step01: Enter empty data in the searching bar >> enter
[2023-09-21 12:00:16,855] Search_Step02: Verify error message
[2023-09-21 12:00:16,916] ---------------------- Passed -----------------------
[2023-09-21 12:00:16,917] Search_Step01: Enter data not exist on searching >> enter
[2023-09-21 12:00:17,544] Search_Step02: Verify error message
[2023-09-21 12:00:17,620] ---------------------- Passed -----------------------
[2023-09-21 12:00:18,926] Search_Step01: Enter product name >> enter
[2023-09-21 12:00:20,352] Search_Step02: Verify the item product displayed
[2023-09-21 12:00:20,434] ---------------------- Passed -----------------------
[2023-09-21 12:00:20,495] ---------------------- Passed -----------------------
[2023-09-21 12:03:13,446] Advanced Search_Step01: Enter parent categories >> enter
[2023-09-21 12:03:14,964] Advanced Search_Step02: Tick Advanced checkbox and select categories dropdown
[2023-09-21 12:03:15,565] Advanced Search_Step03: Click advanced search
[2023-09-21 12:03:16,084] Advanced Search_Step04: Verify message no result found
[2023-09-21 12:03:16,155] ---------------------- Passed -----------------------
[2023-09-21 12:03:16,158] Search_Step01: Enter empty data in the searching bar >> enter
[2023-09-21 12:03:17,316] Search_Step02: Verify error message
[2023-09-21 12:03:17,383] ---------------------- Passed -----------------------
[2023-09-21 12:03:17,384] Search_Step01: Enter data not exist on searching >> enter
[2023-09-21 12:03:18,064] Search_Step02: Verify error message
[2023-09-21 12:03:18,127] ---------------------- Passed -----------------------
[2023-09-21 12:03:19,376] Search_Step01: Enter product name >> enter
[2023-09-21 12:03:21,287] Search_Step02: Verify the item product displayed
[2023-09-21 12:03:21,377] ---------------------- Passed -----------------------
[2023-09-21 12:03:21,436] ---------------------- Passed -----------------------
[2023-09-21 12:03:39,441] Advanced Search_Step01: Enter parent categories >> enter
[2023-09-21 12:03:40,706] Advanced Search_Step02: Tick Advanced checkbox and select categories dropdown
[2023-09-21 12:03:41,313] Advanced Search_Step03: Click advanced search
[2023-09-21 12:03:42,454] Advanced Search_Step04: Verify message no result found
[2023-09-21 12:03:42,530] ---------------------- Passed -----------------------
[2023-09-21 12:03:42,533] Search_Step01: Enter empty data in the searching bar >> enter
[2023-09-21 12:03:43,128] Search_Step02: Verify error message
[2023-09-21 12:03:43,193] ---------------------- Passed -----------------------
[2023-09-21 12:03:43,195] Search_Step01: Enter data not exist on searching >> enter
[2023-09-21 12:03:43,729] Search_Step02: Verify error message
[2023-09-21 12:03:43,809] ---------------------- Passed -----------------------
[2023-09-21 12:03:45,014] Search_Step01: Enter product name >> enter
[2023-09-21 12:03:46,142] Search_Step02: Verify the item product displayed
[2023-09-21 12:03:46,221] ---------------------- Passed -----------------------
[2023-09-21 12:03:46,282] ---------------------- Passed -----------------------
[2023-09-21 13:08:05,512] Advanced Search_Step01: Enter parent categories >> enter
[2023-09-21 13:08:06,662] Advanced Search_Step02: Tick Advanced checkbox and select categories dropdown
[2023-09-21 13:08:07,262] Advanced Search_Step03: Click advanced search
[2023-09-21 13:08:08,247] Advanced Search_Step04: Verify message no result found
[2023-09-21 13:08:08,315] ---------------------- Passed -----------------------
[2023-09-21 13:08:08,318] Search_Step01: Enter empty data in the searching bar >> enter
[2023-09-21 13:08:08,807] Search_Step02: Verify error message
[2023-09-21 13:08:08,894] ---------------------- Passed -----------------------
[2023-09-21 13:08:08,897] Search_Step01: Enter data not exist on searching >> enter
[2023-09-21 13:08:09,412] Search_Step02: Verify error message
[2023-09-21 13:08:09,474] ---------------------- Passed -----------------------
[2023-09-21 13:08:10,662] Search_Step01: Enter product name >> enter
[2023-09-21 13:08:11,719] Search_Step02: Verify the item product displayed
[2023-09-21 13:08:11,804] ---------------------- Passed -----------------------
[2023-09-21 13:08:11,865] ---------------------- Passed -----------------------
[2023-09-21 13:08:13,053] Search_Step01: Enter product name >> enter
[2023-09-21 13:08:14,040] Search_Step02: Verify the item product displayed
[2023-09-21 13:08:14,117] ---------------------- Passed -----------------------
[2023-09-21 13:08:14,179] ---------------------- Passed -----------------------
[2023-09-21 13:12:16,176] Advanced Search_Step01: Enter parent categories >> enter
[2023-09-21 13:13:30,616] Advanced Search_Step01: Enter parent categories >> enter
[2023-09-21 13:19:37,953] Advanced Search_Step01: Enter parent categories >> enter
[2023-09-21 13:32:05,551] Advanced Search_Step01: Enter parent categories >> enter
[2023-09-21 13:32:06,851] Advanced Search_Step02: Tick Advanced checkbox and select categories dropdown
[2023-09-21 13:32:07,688] Advanced Search_Step03: Click advanced search
[2023-09-21 13:32:08,640] Advanced Search_Step04: Verify message no result found
[2023-09-21 13:32:08,699] ---------------------- Passed -----------------------
[2023-09-21 13:51:25,695] Advanced Search_Step01: Enter parent categories >> enter
[2023-09-21 13:51:26,991] Advanced Search_Step02: Tick Advanced checkbox and select categories dropdown
[2023-09-21 13:51:28,222] Advanced Search_Step03: Click advanced search
[2023-09-21 13:51:28,637] Advanced Search_Step04: Verify message no result found
[2023-09-21 13:54:39,155] Advanced Search_Step01: Enter parent categories >> enter
[2023-09-21 13:54:40,444] Advanced Search_Step02: Tick Advanced checkbox and select categories dropdown
[2023-09-21 13:54:41,614] Advanced Search_Step03: Click advanced search
[2023-09-21 13:54:42,093] Advanced Search_Step04: Verify message no result found
[2023-09-21 13:54:42,161] ---------------------- Passed -----------------------
[2023-09-21 13:57:18,634] Advanced Search_Step01: Enter parent categories >> enter
[2023-09-21 13:57:21,020] Advanced Search_Step02: Tick Advanced checkbox and select categories, correct manufacture
[2023-09-21 13:57:22,252] Advanced Search_Step03: Click advanced search
[2023-09-21 13:57:23,322] Advanced Search_Step04: Verify item displayed
[2023-09-21 13:57:23,407] ---------------------- Passed -----------------------
[2023-09-21 14:00:05,206] Advanced Search_Step01: Enter parent categories >> enter
[2023-09-21 14:00:06,732] Advanced Search_Step02: Tick Advanced checkbox and select categories dropdown
[2023-09-21 14:00:07,327] Advanced Search_Step03: Click advanced search
[2023-09-21 14:00:08,329] Advanced Search_Step04: Verify message no result found
[2023-09-21 14:00:08,397] ---------------------- Passed -----------------------
[2023-09-21 14:00:08,400] Advanced Search_Step01: Enter parent categories >> enter
[2023-09-21 14:00:08,953] Advanced Search_Step02: Tick Advanced checkbox and select categories dropdown
[2023-09-21 14:00:09,819] Advanced Search_Step03: Click advanced search
[2023-09-21 14:00:10,457] Advanced Search_Step04: Verify message no result found
[2023-09-21 14:00:10,526] ---------------------- Passed -----------------------
[2023-09-21 14:00:10,528] Advanced Search_Step01: Enter parent categories >> enter
[2023-09-21 14:00:11,096] Advanced Search_Step02: Tick Advanced checkbox and select categories, incorrect manufacture
[2023-09-21 14:00:12,248] Advanced Search_Step03: Click advanced search
[2023-09-21 14:00:12,759] Advanced Search_Step04: Verify message no result found
[2023-09-21 14:00:12,826] ---------------------- Passed -----------------------
[2023-09-21 14:00:12,827] Advanced Search_Step01: Enter parent categories >> enter
[2023-09-21 14:00:13,500] Advanced Search_Step02: Tick Advanced checkbox and select categories, correct manufacture
[2023-09-21 14:00:14,661] Advanced Search_Step03: Click advanced search
[2023-09-21 14:00:15,413] Advanced Search_Step04: Verify item displayed
[2023-09-21 14:00:15,486] ---------------------- Passed -----------------------
[2023-09-21 14:00:15,487] Search_Step01: Enter empty data in the searching bar >> enter
[2023-09-21 14:00:16,041] Search_Step02: Verify error message
[2023-09-21 14:00:16,107] ---------------------- Passed -----------------------
[2023-09-21 14:00:16,109] Search_Step01: Enter data not exist on searching >> enter
[2023-09-21 14:00:16,655] Search_Step02: Verify error message
[2023-09-21 14:00:16,725] ---------------------- Passed -----------------------
[2023-09-21 14:00:17,937] Search_Step01: Enter product name >> enter
[2023-09-21 14:00:19,210] Search_Step02: Verify the item product displayed
[2023-09-21 14:00:19,282] ---------------------- Passed -----------------------
[2023-09-21 14:00:19,344] ---------------------- Passed -----------------------
[2023-09-21 14:00:21,219] Search_Step01: Enter product name >> enter
[2023-09-21 14:00:22,281] Search_Step02: Verify the item product displayed
[2023-09-21 14:00:22,355] ---------------------- Passed -----------------------
[2023-09-21 14:00:22,417] ---------------------- Passed -----------------------
